2018-09-21 11:35:18,308 - MainThread - __main__ - INFO - hello world!
2018-09-21 14:44:07,086 - MainThread - __main__ - DEBUG - Calculating Deuces of ['a', 'b', 'c'] and ['1', '2']
2018-09-21 14:45:52,389 - MainThread - __main__ - DEBUG - Calculating Deuces of ['a', 'b', 'c'] and ['1', '2']
2018-09-21 14:46:18,874 - MainThread - __main__ - DEBUG - Calculating Deuces of ['a', 'b', 'c'] and ['1']
2018-09-21 14:46:18,875 - MainThread - lib.input_checker - DEBUG - ['1'] not a valid Hand
2018-09-21 14:46:38,887 - MainThread - __main__ - DEBUG - Calculating Deuces of ['a', 'b', 'c'] and ['1']
2018-09-21 14:46:38,887 - MainThread - lib.input_checker - ERROR - ['1'] not a valid Hand
2018-09-24 10:59:11,655 - MainThread - __main__ - DEBUG - Calculating Deuces of ['a', 'b', 'c'] and ['1']
2018-09-24 10:59:11,656 - MainThread - lib.checkers - ERROR - ['1'] not a valid Hand
2018-09-26 10:46:03,308 - MainThread - __main__ - DEBUG - Calculating Deuces of ['a', 'b', 'c'] and ['1']
2018-09-26 10:46:03,309 - MainThread - lib.checkers - ERROR - ['1'] must be a list of len == 2.
2018-09-26 10:46:03,309 - MainThread - __main__ - ERROR - Please see documentation for list of valid input.
2018-09-26 10:46:37,035 - MainThread - __main__ - DEBUG - Calculating Deuces of ['a', 'b', 'c'] and ['1']
2018-09-26 10:46:37,035 - MainThread - lib.checkers - ERROR - Hand ['1'] must be a list of len == 2.
2018-09-26 10:46:37,035 - MainThread - __main__ - ERROR - Please see documentation for list of valid input.
2018-09-26 10:46:59,941 - MainThread - __main__ - DEBUG - Calculating Deuces of ['4h', '5h', '8h', '7h', '9c'] and ['2s', '3s']
2018-09-26 10:52:04,564 - MainThread - __main__ - DEBUG - Calculating Deuces of ['4h', '5h', '8h', '7h', '9c'] and ['2s', '3s']
2018-09-26 10:58:56,958 - MainThread - __main__ - DEBUG - Calculating Deuces of ['4h', '5h', '8h', '7h', '9c'] and ['2s', '3s']
2018-09-26 11:02:00,580 - MainThread - __main__ - DEBUG - Calculating Deuces of ['4h', '5h', '8h', '7h', '9c'] and ['2s', '3s']
2018-09-26 11:02:57,964 - MainThread - __main__ - DEBUG - Calculating Deuces of ['4h', '5h', '8h', '7h', '9c'] and ['2s', '3s']
2018-09-26 11:03:05,795 - MainThread - __main__ - DEBUG - Calculating Deuces of ['4h', '5h', '8h', '7h', '9c'] and ['2s', '3s']
2018-09-26 11:03:20,023 - MainThread - __main__ - DEBUG - Calculating Deuces of ['4h', '5h', '8h', '7h', '9c'] and ['2s', '2s']
2018-09-26 11:03:43,290 - MainThread - __main__ - DEBUG - Calculating Deuces of ['4h', '4h', '8h', '7h', '9c'] and ['2s', '3s']
2018-09-26 11:05:59,089 - MainThread - __main__ - DEBUG - Calculating Deuces of ['4h', '5h', '8h', '7h', '9c'] and ['2s', '3s']
2018-09-26 11:06:10,798 - MainThread - __main__ - DEBUG - Calculating Deuces of ['4h', '5h', '8h', '7h', '9c'] and ['2s', '3s']
2018-09-26 11:06:30,812 - MainThread - __main__ - DEBUG - Calculating Deuces of ['4h', '5h', '8h', '7h', '9c'] and ['2s', '3s']
2018-09-26 11:06:37,184 - MainThread - __main__ - DEBUG - Calculating Deuces of ['4h', '5h', '8h', '7h', '9c'] and ['2s', '3s']
2018-09-26 11:06:57,462 - MainThread - __main__ - DEBUG - Calculating Deuces of ['4h', '5h', '8h', '7h', '9c'] and ['2s', '3s']
2018-09-26 11:07:21,278 - MainThread - __main__ - DEBUG - Calculating Deuces of ['4h', '5h', '8h', '7h', '9c'] and ['2s', '3s']
2018-09-26 11:09:32,732 - MainThread - __main__ - DEBUG - Calculating Deuces of ['4h', '5h', '8h', '7h', '9c'] and ['2s', '3s']
2018-09-26 11:09:42,008 - MainThread - __main__ - DEBUG - Calculating Deuces of ['4h', '5h', '8h', '7h', '9c'] and ['2s', '3s']
2018-09-26 11:10:12,587 - MainThread - __main__ - DEBUG - Calculating Deuces of ['4h', '5h', '8h', '7h', '9c'] and ['2s', '3s']
2018-09-26 11:10:19,867 - MainThread - __main__ - DEBUG - Calculating Deuces of ['4h', '5h', '8h', '7h', '9c'] and ['2s', '3s']
2018-09-26 11:12:10,838 - MainThread - __main__ - ERROR - Please supply board cards and hand cards.
2018-09-26 11:12:53,269 - MainThread - __main__ - ERROR - Please supply board cards and hand cards.
2018-09-26 11:17:14,082 - MainThread - __main__ - ERROR - Please supply board cards and hand cards.
2018-09-26 11:17:22,169 - MainThread - __main__ - DEBUG - Calculating Deuces of ['4h', '5h', '8h', '7h', '9c'] and ['2s', '3s']
2018-09-26 11:23:46,716 - MainThread - __main__ - ERROR - Please check that there are no duplicate entries.
2018-09-26 11:24:02,756 - MainThread - __main__ - ERROR - Please supply board cards and hand cards.
2018-09-26 11:29:21,649 - MainThread - __main__ - DEBUG - Calculating Deuces of ['As', 'as', 'Ad'] and ['3d', '4d']
2018-09-26 11:29:21,651 - MainThread - lib.checkers - ERROR - No duplicate cards allowed.
2018-09-26 11:29:21,652 - MainThread - __main__ - ERROR - Please see documentation for list of valid input.
2018-09-26 11:29:54,098 - MainThread - __main__ - DEBUG - Calculating Deuces of ['As', 'as', 'Ad'] and ['3d', '4d']
2018-09-26 11:29:54,098 - MainThread - lib.checkers - ERROR - No duplicate cards allowed.
2018-09-26 11:29:54,098 - MainThread - __main__ - ERROR - Please see documentation for list of valid input.
2018-09-26 11:30:10,251 - MainThread - __main__ - DEBUG - Calculating Deuces of ['As', 'as', 'aC'] and ['3d', '4d']
2018-09-26 11:30:10,252 - MainThread - lib.checkers - ERROR - No duplicate cards allowed.
2018-09-26 11:30:10,252 - MainThread - __main__ - ERROR - Please see documentation for list of valid input.
2018-09-26 11:30:22,509 - MainThread - __main__ - DEBUG - Calculating Deuces of ['As', 'AD', 'aC'] and ['3d', '4d']
